ISim log file
Running: /mnt/work/amiga/Peripherals/A2630/Recreate/Logic/U601/U601_isim_beh.exe -intstyle ise -gui -tclbatch isim.cmd -wdb /mnt/work/amiga/Peripherals/A2630/Recreate/Logic/U601/U601_isim_beh.wdb 
ISim P.20131013 (signature 0xfbc00daa)
----------------------------------------------------------------------
INFO:Security:61 - The XILINXD_LICENSE_FILE environment variable is not set.
INFO:Security:63 - The LM_LICENSE_FILE environment variable is not set.
INFO:Security:68 - For more information or for assistance in obtaining 
 a license, please run the Xilinx License Configuration Manager
       (xlcm or "Manage Xilinx Licenses".)
INFO:Security:68a - user is jason, on host unknown.
INFO:Security:15 - A feature for ISIM was found but is for the wrong hostid.
ERROR:Security:14 - No feature was available for 'ISIM'.

Invalid host.
 The hostid of this system does not match the hostid
 specified in the license file.
Feature:       ISIM
Hostid:        00d8613a015c
License path:  /home/jason/.Xilinx/Xilinx.lic:/mnt/work/ISE/14.7/ISE_DS/ISE//data/*.lic:/mnt/work/ISE/14.7/ISE_DS/ISE//coregen/core_licenses/Xilinx.lic:/mnt/work/ISE/14.7/ISE_DS/ISE//coregen/core_licenses/XilinxFree.lic:/mnt/work/ISE/14.7/ISE_DS/EDK/data/core_licenses/Xilinx.lic:
FLEXnet Licensing error:-9,57
For further information, refer to the FLEXnet Licensing documentation,
available at "www.flexerasoftware.com".
----------------------------------------------------------------------
WARNING: A full ISim License cannot be checked out due to the issues listed above. Please use Xilinx License Configuration Manager to fix these issues in order to check out a full ISim license.
WARNING: ISim will run in Lite mode. Please refer to the ISim documentation for more information on the differences between the Lite and the Full version.
This is a Lite version of ISim.
Time resolution is 1 ps
# onerror resume
# wave add /
# run 1000 ns
Simulator is doing circuit initialization process.
Finished circuit initialization process.
# isim force add /u601/a e80000 -radix hex
# isim force add /u601/cpuclk 0 -radix bin
# isim force add /u601/cpuclk 0 -radix bin -value 1 -radix bin -time 20 ns -repeat 40 ns
# isim force add /u601/nreset 0 -radix bin
# run 0.50us
# isim force add /u601/nas 0 -radix bin
# run 0.50us
# isim force add /u601/nreset 1 -radix bin
# run 0.50us
# isim force add /u601/rnw 1 -radix bin
# run 0.50us
# isim force add /u601/a e80002 -radix hex
# run 0.250us
# isim force add /u601/a e80004 -radix hex
# run 0.250us
# isim force add /u601/a e80005 -radix hex
# run 0.250us
# isim force add /u601/a e80100 -radix hex
# run 0.250us
# isim force add /u601/a e8000c -radix hex
# run 0.250us
# isim force add /u601/a e80024 -radix hex
# run 0.250us
# isim force add /u601/a E80040 -radix hex
# isim force add /u601/d 0101 -radix bin
# isim force remove /u601/d
# isim force add /u601/drom 10101 -radix bin
# isim force add /u601/drom 10101 -radix bin
# isim force add /u601/rnw 0 -radix bin
# run 0.250us
# isim force add /u601/nds 0 -radix bin
# isim force add /u601/ncpureset 1 -radix bin
# run 0.250us
# isim force add /u601/romconfiged 0 -radix bin
# run 0.250us
# isim force remove /u601/romconfiged
# run 0.250us
# isim force add /u601/a E80000 -radix hex
# run 0.250us
# isim force add /u601/rnw 1 -radix bin
# run 0.250us
# isim force add /u601/a E80006 -radix hex
# run 0.250us
# isim force add /u601/rnw 0 -radix bin
# isim force add /u601/a E80048 -radix hex
# isim force add /u601/d 1111 -radix bin
# run 0.250us
# run 0.250us
# isim force add /u601/memaccess 0 -radix bin
# run 0.250us
# isim force remove /u601/memaccess
# run 0.250us
# isim force add /u601/rambaseaddress 001 -radix bin
# run 0.250us
# exit 0
